;  LST file generated by mikroListExporter - v.2.0 
; Date/Time: 14/11/2023 14:31:41
;----------------------------------------------

;Address Opcode 	ASM
0x0000	0x2803      	GOTO       3
_main:
;MyProject.c,1 :: 		void main() {
;MyProject.c,2 :: 		ANSEL = 0x00; //all inputs by digital
0x0003	0x1683      	BSF        STATUS, 5
0x0004	0x019F      	CLRF       ANSEL
;MyProject.c,3 :: 		CMCON = 7; //turn off the internal comparators
0x0005	0x3007      	MOVLW      7
0x0006	0x1283      	BCF        STATUS, 5
0x0007	0x0099      	MOVWF      CMCON
;MyProject.c,5 :: 		TRISIO0_bit = 1; //set by digital input
0x0008	0x1683      	BSF        STATUS, 5
0x0009	0x1405      	BSF        TRISIO0_bit, BitPos(TRISIO0_bit+0)
;MyProject.c,6 :: 		TRISIO1_bit = 0; //set by digital output to the led
0x000A	0x1085      	BCF        TRISIO1_bit, BitPos(TRISIO1_bit+0)
;MyProject.c,8 :: 		GPIO = 0;      //all pins start with low logical lvl
0x000B	0x1283      	BCF        STATUS, 5
0x000C	0x0185      	CLRF       GPIO
;MyProject.c,10 :: 		while(1){
L_main0:
;MyProject.c,11 :: 		if (GPIO.F0 == 1){     //you also can not put the == 1
0x000D	0x1C05      	BTFSS      GPIO, 0
0x000E	0x2826      	GOTO       L_main2
;MyProject.c,12 :: 		GPIO.F1 = 1;
0x000F	0x1485      	BSF        GPIO, 1
;MyProject.c,13 :: 		delay_ms(100);
0x0010	0x3082      	MOVLW      130
0x0011	0x00DC      	MOVWF      R12
0x0012	0x30DD      	MOVLW      221
0x0013	0x00DD      	MOVWF      R13
L_main3:
0x0014	0x0BDD      	DECFSZ     R13, 1
0x0015	0x2814      	GOTO       L_main3
0x0016	0x0BDC      	DECFSZ     R12, 1
0x0017	0x2814      	GOTO       L_main3
0x0018	0x0000      	NOP
0x0019	0x0000      	NOP
;MyProject.c,14 :: 		GPIO.F1 = 0;
0x001A	0x1085      	BCF        GPIO, 1
;MyProject.c,15 :: 		delay_ms(100);
0x001B	0x3082      	MOVLW      130
0x001C	0x00DC      	MOVWF      R12
0x001D	0x30DD      	MOVLW      221
0x001E	0x00DD      	MOVWF      R13
L_main4:
0x001F	0x0BDD      	DECFSZ     R13, 1
0x0020	0x281F      	GOTO       L_main4
0x0021	0x0BDC      	DECFSZ     R12, 1
0x0022	0x281F      	GOTO       L_main4
0x0023	0x0000      	NOP
0x0024	0x0000      	NOP
;MyProject.c,16 :: 		}
0x0025	0x2827      	GOTO       L_main5
L_main2:
;MyProject.c,18 :: 		GPIO.F1 = 0;
0x0026	0x1085      	BCF        GPIO, 1
;MyProject.c,19 :: 		}
L_main5:
;MyProject.c,20 :: 		}
0x0027	0x280D      	GOTO       L_main0
;MyProject.c,21 :: 		}
L_end_main:
0x0028	0x2828      	GOTO       $+0
; end of _main
Symbol List:
//** Routines locations **
//ADDRESS    SIZE    PROCEDURE
//----------------------------------------------
0x0003      [38]    _main
//** Variables locations ** 
//ADDRESS    SIZE    VARIABLE
//----------------------------------------------
0x0000       [1]    INDF
0x0003       [1]    STATUS
0x0004       [1]    FSR
0x0005       [1]    GPIO
0x000A       [1]    PCLATH
0x0019       [1]    CMCON
0x0020       [2]    ___DoICPAddr
0x0050       [1]    R0
0x0051       [1]    R1
0x0052       [1]    R2
0x0053       [1]    R3
0x0054       [1]    R4
0x0055       [1]    R5
0x0056       [1]    R6
0x0057       [1]    R7
0x0058       [1]    R8
0x0059       [1]    R9
0x005A       [1]    R10
0x005B       [1]    R11
0x005C       [1]    R12
0x005D       [1]    R13
0x005E       [1]    R14
0x005F       [1]    R15
0x0085       [0]    TRISIO0_bit
0x0085       [0]    TRISIO1_bit
0x009F       [1]    ANSEL
